00:00:06.434602 VirtualBox VM 7.1.8 r168469 win.amd64 (Apr 11 2025 16:45:31) release log
00:00:06.434605 Log opened 2025-05-31T09:33:32.277972000Z
00:00:06.434607 Build Type: release
00:00:06.434611 OS Product: Windows 11
00:00:06.434612 OS Release: 10.0.26100
00:00:06.434613 OS Service Pack: 
00:00:06.537549 DMI Product Name: Aspire A515-45
00:00:06.545930 DMI Product Version: V1.10
00:00:06.545944 Firmware type: UEFI
00:00:06.547195 Secure Boot: Enabled
00:00:06.547207 Host RAM: 7530MB (7.3GB) total, 1257MB available
00:00:06.547210 Executable: C:\Program Files\Oracle\VirtualBox\VirtualBoxVM.exe
00:00:06.547211 Process ID: 12844
00:00:06.547212 Package type: WINDOWS_64BITS_GENERIC
00:00:06.547213 Windows Features:
00:00:06.547213   Core Isolation (Memory Integrity): ENABLED
00:00:06.548798 Installed Extension Packs:
00:00:06.548839   None installed!
00:00:06.549750 Console: Machine state changed to 'Starting'
00:00:06.550650 GUI: Qt version: 6.5.3
00:00:06.550690 GUI: HID LEDs sync is enabled
00:00:06.560940 GUI: UIMediumEnumerator: Medium-enumeration finished!
00:00:06.623377 GUI: Cannot notify guest about VM window out-of-focus event
00:00:06.704671 SUP: seg #0: R   0x00000000 LB 0x00001000
00:00:06.704701 SUP: seg #1: R X 0x00001000 LB 0x001fb000
00:00:06.704707 SUP: seg #2: R   0x001fc000 LB 0x00055000
00:00:06.704713 SUP: seg #3: RW  0x00251000 LB 0x00013000
00:00:06.704718 SUP: seg #4: R   0x00264000 LB 0x00014000
00:00:06.704724 SUP: seg #5: RW  0x00278000 LB 0x00004000
00:00:06.704729 SUP: seg #6: R   0x0027c000 LB 0x00009000
00:00:06.704735 SUP: seg #7: R X 0x00285000 LB 0x00002000
00:00:06.704740 SUP: seg #8: R   0x00287000 LB 0x00007000
00:00:06.711879 SUP: Loaded VMMR0.r0 (C:\Program Files\Oracle\VirtualBox/VMMR0.r0) at 0xXXXXXXXXXXXXXXXX - ModuleInit at XXXXXXXXXXXXXXXX and ModuleTerm at XXXXXXXXXXXXXXXX using the native ring-0 loader
00:00:06.711940 SUP: VMMR0EntryEx located at XXXXXXXXXXXXXXXX and VMMR0EntryFast at XXXXXXXXXXXXXXXX
00:00:06.711946 SUP: windbg> .reload /f C:\Program Files\Oracle\VirtualBox/VMMR0.r0=0xXXXXXXXXXXXXXXXX
00:00:06.720353 Guest architecture: x86
00:00:06.720439 Guest OS type: 'Other_64'
00:00:06.721119 fHMForced=true - No raw-mode support in this build!
00:00:06.721140 Using execution engine 1
00:00:06.725416 File system of 'C:\Users\Linus\VirtualBox VMs\SyncWide OS\SyncWide OS.vdi' is ntfs
00:00:06.726500 File system of 'C:\Users\Linus\Documents\projekts\SyncWideOS\build\SyncWideOS.iso' (DVD) is ntfs
00:00:06.755226 Shared Clipboard: Initialized OLE
00:00:06.755338 Shared Clipboard: Service loaded
00:00:06.755352 Shared Clipboard: Mode: Off
00:00:06.755500 Shared Clipboard: Service running in normal mode
00:00:06.778254 Drag and drop service loaded
00:00:06.778292 Drag and drop mode: Off
00:00:06.779525 Audio: Detected default audio driver type is 'HostAudioWas'
00:00:06.783948 ************************* CFGM dump *************************
00:00:06.783953 [/] (level 0)
00:00:06.783955   CpuExecutionCap   <integer> = 0x0000000000000064 (100)
00:00:06.783958   EnablePAE         <integer> = 0x0000000000000001 (1)
00:00:06.783959   HMEnabled         <integer> = 0x0000000000000001 (1)
00:00:06.783960   MemBalloonSize    <integer> = 0x0000000000000000 (0, 0 B)
00:00:06.783963   Name              <string>  = "SyncWide OS" (cb=12)
00:00:06.783964   NumCPUs           <integer> = 0x0000000000000003 (3)
00:00:06.783966   PageFusionAllowed <integer> = 0x0000000000000000 (0)
00:00:06.783967   RamHoleSize       <integer> = 0x0000000020000000 (536 870 912, 512.0 MiB)
00:00:06.783969   RamSize           <integer> = 0x0000000104000000 (4 362 076 160, 4.0 GiB)
00:00:06.783971   TimerMillies      <integer> = 0x000000000000000a (10)
00:00:06.783972   UUID              <bytes>   = "b7 94 85 9c 54 96 42 4b 8e ec ee 37 fd 4d c7 87" (cb=16)
00:00:06.783975 
00:00:06.783975 [/CPUM/] (level 1)
00:00:06.783977   Enable64bit        <integer> = 0x0000000000000001 (1)
00:00:06.783978   GuestCpuName       <string>  = "host" (cb=5)
00:00:06.783979   NestedHWVirt       <integer> = 0x0000000000000000 (0)
00:00:06.783980   PortableCpuIdLevel <integer> = 0x0000000000000000 (0)
00:00:06.783981   SpecCtrl           <integer> = 0x0000000000000000 (0)
00:00:06.783982 
00:00:06.783982 [/CPUM/IsaExts/] (level 2)
00:00:06.783984 
00:00:06.783984 [/DBGC/] (level 1)
00:00:06.783985   GlobalInitScript <string>  = "C:\Users\Linus\.VirtualBox/dbgc-init" (cb=37)
00:00:06.783986   HistoryFile      <string>  = "C:\Users\Linus\.VirtualBox/dbgc-history" (cb=40)
00:00:06.783987   LocalInitScript  <string>  = "C:\Users\Linus\VirtualBox VMs\SyncWide OS/dbgc-init" (cb=52)
00:00:06.783988 
00:00:06.783988 [/DBGF/] (level 1)
00:00:06.783989   Path <string>  = "C:\Users\Linus\VirtualBox VMs\SyncWide OS/debug/;C:\Users\Linus\VirtualBox VMs\SyncWide OS/;cache*C:\Users\Linus\VirtualBox VMs\SyncWide OS/dbgcache/;C:\Users\Linus\" (cb=166)
00:00:06.783991 
00:00:06.783991 [/Devices/] (level 1)
00:00:06.783992 
00:00:06.783992 [/Devices/3c501/] (level 2)
00:00:06.783994 
00:00:06.783994 [/Devices/8237A/] (level 2)
00:00:06.783995 
00:00:06.783995 [/Devices/8237A/0/] (level 3)
00:00:06.783997   Trusted <integer> = 0x0000000000000001 (1)
00:00:06.783998 
00:00:06.783998 [/Devices/VMMDev/] (level 2)
00:00:06.783999 
00:00:06.784000 [/Devices/VMMDev/0/] (level 3)
00:00:06.784001   PCIBusNo      <integer> = 0x0000000000000000 (0)
00:00:06.784002   PCIDeviceNo   <integer> = 0x0000000000000004 (4)
00:00:06.784003   PCIFunctionNo <integer> = 0x0000000000000000 (0)
00:00:06.784004   Trusted       <integer> = 0x0000000000000001 (1)
00:00:06.784005 
00:00:06.784006 [/Devices/VMMDev/0/Config/] (level 4)
00:00:06.784007   GuestCoreDumpDir <string>  = "C:\Users\Linus\VirtualBox VMs\SyncWide OS\Snapshots" (cb=52)
00:00:06.784008 
00:00:06.784008 [/Devices/VMMDev/0/LUN#0/] (level 4)
00:00:06.784010   Driver <string>  = "HGCM" (cb=5)
00:00:06.784010 
00:00:06.784011 [/Devices/VMMDev/0/LUN#0/Config/] (level 5)
00:00:06.784013 
00:00:06.784013 [/Devices/VMMDev/0/LUN#999/] (level 4)
00:00:06.784014   Driver <string>  = "MainStatus" (cb=11)
00:00:06.784015 
00:00:06.784015 [/Devices/VMMDev/0/LUN#999/Config/] (level 5)
00:00:06.784018   First                <integer> = 0x0000000000000000 (0)
00:00:06.784019   HasMediumAttachments <integer> = 0x0000000000000000 (0)
00:00:06.784020   Last                 <integer> = 0x0000000000000000 (0)
00:00:06.784021   iLedSet              <integer> = 0x0000000000000005 (5)
00:00:06.784022 
00:00:06.784022 [/Devices/acpi/] (level 2)
00:00:06.784024 
00:00:06.784024 [/Devices/acpi/0/] (level 3)
00:00:06.784025   PCIBusNo      <integer> = 0x0000000000000000 (0)
00:00:06.784026   PCIDeviceNo   <integer> = 0x0000000000000007 (7)
00:00:06.784027   PCIFunctionNo <integer> = 0x0000000000000000 (0)
00:00:06.784028   Trusted       <integer> = 0x0000000000000001 (1)
00:00:06.784029 
00:00:06.784029 [/Devices/acpi/0/Config/] (level 4)
00:00:06.784031   CpuHotPlug          <integer> = 0x0000000000000000 (0)
00:00:06.784032   FdcEnabled          <integer> = 0x0000000000000000 (0)
00:00:06.784033   HostBusPciAddress   <integer> = 0x0000000000000000 (0)
00:00:06.784034   HpetEnabled         <integer> = 0x0000000000000000 (0)
00:00:06.784035   IOAPIC              <integer> = 0x0000000000000001 (1)
00:00:06.784037   IocPciAddress       <integer> = 0x0000000000010000 (65 536)
00:00:06.784038   NumCPUs             <integer> = 0x0000000000000003 (3)
00:00:06.784039   Parallel0IoPortBase <integer> = 0x0000000000000000 (0)
00:00:06.784040   Parallel0Irq        <integer> = 0x0000000000000000 (0)
00:00:06.784041   Parallel1IoPortBase <integer> = 0x0000000000000000 (0)
00:00:06.784042   Parallel1Irq        <integer> = 0x0000000000000000 (0)
00:00:06.784043   Serial0IoPortBase   <integer> = 0x0000000000000000 (0)
00:00:06.784044   Serial0Irq          <integer> = 0x0000000000000000 (0)
00:00:06.784045   Serial1IoPortBase   <integer> = 0x0000000000000000 (0)
00:00:06.784045   Serial1Irq          <integer> = 0x0000000000000000 (0)
00:00:06.784046   ShowCpu             <integer> = 0x0000000000000001 (1)
00:00:06.784047   ShowRtc             <integer> = 0x0000000000000000 (0)
00:00:06.784049   SmcEnabled          <integer> = 0x0000000000000000 (0)
00:00:06.784050 
00:00:06.784050 [/Devices/acpi/0/LUN#0/] (level 4)
00:00:06.784051   Driver <string>  = "ACPIHost" (cb=9)
00:00:06.784052 
00:00:06.784052 [/Devices/acpi/0/LUN#0/Config/] (level 5)
00:00:06.784054 
00:00:06.784054 [/Devices/acpi/0/LUN#1/] (level 4)
00:00:06.784056   Driver <string>  = "ACPICpu" (cb=8)
00:00:06.784056 
00:00:06.784057 [/Devices/acpi/0/LUN#1/Config/] (level 5)
00:00:06.784058 
00:00:06.784059 [/Devices/acpi/0/LUN#2/] (level 4)
00:00:06.784060   Driver <string>  = "ACPICpu" (cb=8)
00:00:06.784061 
00:00:06.784061 [/Devices/acpi/0/LUN#2/Config/] (level 5)
00:00:06.784062 
00:00:06.784063 [/Devices/apic/] (level 2)
00:00:06.784064 
00:00:06.784064 [/Devices/apic/0/] (level 3)
00:00:06.784066   Trusted <integer> = 0x0000000000000001 (1)
00:00:06.784066 
00:00:06.784067 [/Devices/apic/0/Config/] (level 4)
00:00:06.784068   IOAPIC  <integer> = 0x0000000000000001 (1)
00:00:06.784069   Mode    <integer> = 0x0000000000000002 (2)
00:00:06.784070   NumCPUs <integer> = 0x0000000000000003 (3)
00:00:06.784071 
00:00:06.784071 [/Devices/dp8390/] (level 2)
00:00:06.784072 
00:00:06.784073 [/Devices/e1000/] (level 2)
00:00:06.784074 
00:00:06.784074 [/Devices/i8254/] (level 2)
00:00:06.784075 
00:00:06.784076 [/Devices/i8254/0/] (level 3)
00:00:06.784077 
00:00:06.784077 [/Devices/i8254/0/Config/] (level 4)
00:00:06.784079 
00:00:06.784079 [/Devices/i8259/] (level 2)
00:00:06.784080 
00:00:06.784080 [/Devices/i8259/0/] (level 3)
00:00:06.784082   Trusted <integer> = 0x0000000000000001 (1)
00:00:06.784083 
00:00:06.784083 [/Devices/i8259/0/Config/] (level 4)
00:00:06.784084 
00:00:06.784085 [/Devices/ichac97/] (level 2)
00:00:06.784086 
00:00:06.784086 [/Devices/ichac97/0/] (level 3)
00:00:06.784087   PCIBusNo      <integer> = 0x0000000000000000 (0)
00:00:06.784088   PCIDeviceNo   <integer> = 0x0000000000000005 (5)
00:00:06.784089   PCIFunctionNo <integer> = 0x0000000000000000 (0)
00:00:06.784090   Trusted       <integer> = 0x0000000000000001 (1)
00:00:06.784091 
00:00:06.784091 [/Devices/ichac97/0/AudioConfig/] (level 4)
00:00:06.784093 
00:00:06.784094 [/Devices/ichac97/0/Config/] (level 4)
00:00:06.784095   Codec        <string>  = "STAC9700" (cb=9)
00:00:06.784096   DebugEnabled <integer> = 0x0000000000000000 (0)
00:00:06.784097 
00:00:06.784097 [/Devices/ichac97/0/LUN#0/] (level 4)
00:00:06.784099   Driver <string>  = "AUDIO" (cb=6)
00:00:06.784099 
00:00:06.784100 [/Devices/ichac97/0/LUN#0/AttachedDriver/] (level 5)
00:00:06.784101   Driver <string>  = "HostAudioWas" (cb=13)
00:00:06.784102 
00:00:06.784102 [/Devices/ichac97/0/LUN#0/AttachedDriver/Config/] (level 6)
00:00:06.784104   VmName <string>  = "SyncWide OS" (cb=12)
00:00:06.784105   VmUuid <string>  = "9c8594b7-9654-4b42-8eec-ee37fd4dc787" (cb=37)
00:00:06.784106 
00:00:06.784106 [/Devices/ichac97/0/LUN#0/Config/] (level 5)
00:00:06.784108   DriverName    <string>  = "HostAudioWas" (cb=13)
00:00:06.784109   InputEnabled  <integer> = 0x0000000000000000 (0)
00:00:06.784109   OutputEnabled <integer> = 0x0000000000000001 (1)
00:00:06.784110 
00:00:06.784111 [/Devices/ichac97/0/LUN#1/] (level 4)
00:00:06.784112   Driver <string>  = "AUDIO" (cb=6)
00:00:06.784113 
00:00:06.784113 [/Devices/ichac97/0/LUN#2/] (level 4)
00:00:06.784115   Driver <string>  = "AUDIO" (cb=6)
00:00:06.784115 
00:00:06.784116 [/Devices/ioapic/] (level 2)
00:00:06.784117 
00:00:06.784117 [/Devices/ioapic/0/] (level 3)
00:00:06.784118   Trusted <integer> = 0x0000000000000001 (1)
00:00:06.784119 
00:00:06.784119 [/Devices/ioapic/0/Config/] (level 4)
00:00:06.784121   NumCPUs <integer> = 0x0000000000000003 (3)
00:00:06.784122 
00:00:06.784122 [/Devices/mc146818/] (level 2)
00:00:06.784123 
00:00:06.784124 [/Devices/mc146818/0/] (level 3)
00:00:06.784125 
00:00:06.784125 [/Devices/mc146818/0/Config/] (level 4)
00:00:06.784127   UseUTC <integer> = 0x0000000000000000 (0)
00:00:06.784128 
00:00:06.784128 [/Devices/parallel/] (level 2)
00:00:06.784129 
00:00:06.784129 [/Devices/pcarch/] (level 2)
00:00:06.784130 
00:00:06.784131 [/Devices/pcarch/0/] (level 3)
00:00:06.784132   Trusted <integer> = 0x0000000000000001 (1)
00:00:06.784133 
00:00:06.784133 [/Devices/pcarch/0/Config/] (level 4)
00:00:06.784134 
00:00:06.784135 [/Devices/pcbios/] (level 2)
00:00:06.784136 
00:00:06.784136 [/Devices/pcbios/0/] (level 3)
00:00:06.784138   Trusted <integer> = 0x0000000000000001 (1)
00:00:06.784138 
00:00:06.784139 [/Devices/pcbios/0/Config/] (level 4)
00:00:06.784141   APIC            <integer> = 0x0000000000000001 (1)
00:00:06.784142   BootDevice0     <string>  = "FLOPPY" (cb=7)
00:00:06.784143   BootDevice1     <string>  = "DVD" (cb=4)
00:00:06.784144   BootDevice2     <string>  = "IDE" (cb=4)
00:00:06.784145   BootDevice3     <string>  = "NONE" (cb=5)
00:00:06.784146   DmiSystemSerial <string>  = "VirtualBox-<DmiSystemUuid>" (cb=27)
00:00:06.784162   FloppyDevice    <string>  = "i82078" (cb=7)
00:00:06.784163   HardDiskDevice  <string>  = "piix3ide" (cb=9)
00:00:06.784164   IOAPIC          <integer> = 0x0000000000000001 (1)
00:00:06.784165   McfgBase        <integer> = 0x0000000000000000 (0)
00:00:06.784166   McfgLength      <integer> = 0x0000000000000000 (0)
00:00:06.784167   NumCPUs         <integer> = 0x0000000000000003 (3)
00:00:06.784168   PXEDebug        <integer> = 0x0000000000000000 (0)
00:00:06.784169   UUID            <bytes>   = "b7 94 85 9c 54 96 42 4b 8e ec ee 37 fd 4d c7 87" (cb=16)
00:00:06.784172   UuidLe          <integer> = 0x0000000000000001 (1)
00:00:06.784173 
00:00:06.784173 [/Devices/pcbios/0/Config/NetBoot/] (level 5)
00:00:06.784175 
00:00:06.784175 [/Devices/pcbios/0/Config/NetBoot/0/] (level 6)
00:00:06.784177   NIC           <integer> = 0x0000000000000000 (0)
00:00:06.784178   PCIBusNo      <integer> = 0x0000000000000000 (0)
00:00:06.784179   PCIDeviceNo   <integer> = 0x0000000000000003 (3)
00:00:06.784180   PCIFunctionNo <integer> = 0x0000000000000000 (0)
00:00:06.784181 
00:00:06.784181 [/Devices/pci/] (level 2)
00:00:06.784182 
00:00:06.784183 [/Devices/pci/0/] (level 3)
00:00:06.784184   Trusted <integer> = 0x0000000000000001 (1)
00:00:06.784185 
00:00:06.784185 [/Devices/pci/0/Config/] (level 4)
00:00:06.784187   IOAPIC <integer> = 0x0000000000000001 (1)
00:00:06.784187 
00:00:06.784188 [/Devices/pcibridge/] (level 2)
00:00:06.784189 
00:00:06.784189 [/Devices/pckbd/] (level 2)
00:00:06.784191 
00:00:06.784191 [/Devices/pckbd/0/] (level 3)
00:00:06.784192   Trusted <integer> = 0x0000000000000001 (1)
00:00:06.784193 
00:00:06.784193 [/Devices/pckbd/0/Config/] (level 4)
00:00:06.784195 
00:00:06.784195 [/Devices/pckbd/0/LUN#0/] (level 4)
00:00:06.784196   Driver <string>  = "KeyboardQueue" (cb=14)
00:00:06.784197 
00:00:06.784197 [/Devices/pckbd/0/LUN#0/AttachedDriver/] (level 5)
00:00:06.784199   Driver <string>  = "MainKeyboard" (cb=13)
00:00:06.784200 
00:00:06.784200 [/Devices/pckbd/0/LUN#0/Config/] (level 5)
00:00:06.784202   QueueSize <integer> = 0x0000000000000040 (64, 64 B)
00:00:06.784203 
00:00:06.784203 [/Devices/pckbd/0/LUN#1/] (level 4)
00:00:06.784205   Driver <string>  = "MouseQueue" (cb=11)
00:00:06.784205 
00:00:06.784206 [/Devices/pckbd/0/LUN#1/AttachedDriver/] (level 5)
00:00:06.784207   Driver <string>  = "MainMouse" (cb=10)
00:00:06.784208 
00:00:06.784209 [/Devices/pckbd/0/LUN#1/Config/] (level 5)
00:00:06.784210   QueueSize <integer> = 0x0000000000000080 (128, 128 B)
00:00:06.784211 
00:00:06.784212 [/Devices/pcnet/] (level 2)
00:00:06.784213 
00:00:06.784213 [/Devices/pcnet/0/] (level 3)
00:00:06.784215   PCIBusNo      <integer> = 0x0000000000000000 (0)
00:00:06.784216   PCIDeviceNo   <integer> = 0x0000000000000003 (3)
00:00:06.784217   PCIFunctionNo <integer> = 0x0000000000000000 (0)
00:00:06.784218   Trusted       <integer> = 0x0000000000000001 (1)
00:00:06.784219 
00:00:06.784219 [/Devices/pcnet/0/Config/] (level 4)
00:00:06.784220   CableConnected <integer> = 0x0000000000000001 (1)
00:00:06.784221   ChipType       <string>  = "Am79C973" (cb=9)
00:00:06.784222   LineSpeed      <integer> = 0x0000000000000000 (0)
00:00:06.784223   MAC            <bytes>   = "08 00 27 1f 82 84" (cb=6)
00:00:06.784225 
00:00:06.784225 [/Devices/pcnet/0/LUN#0/] (level 4)
00:00:06.784227   Driver <string>  = "NAT" (cb=4)
00:00:06.784227 
00:00:06.784228 [/Devices/pcnet/0/LUN#0/Config/] (level 5)
00:00:06.784229   AliasMode          <integer> = 0x0000000000000000 (0)
00:00:06.784230   BootFile           <string>  = "SyncWide OS.pxe" (cb=16)
00:00:06.784231   DNSProxy           <integer> = 0x0000000000000000 (0)
00:00:06.784232   ForwardBroadcast   <integer> = 0x0000000000000000 (0)
00:00:06.784233   LocalhostReachable <integer> = 0x0000000000000001 (1)
00:00:06.784234   Network            <string>  = "10.0.2.0/24" (cb=12)
00:00:06.784235   PassDomain         <integer> = 0x0000000000000001 (1)
00:00:06.784236   TFTPPrefix         <string>  = "C:\Users\Linus\.VirtualBox\TFTP" (cb=32)
00:00:06.784237   UseHostResolver    <integer> = 0x0000000000000000 (0)
00:00:06.784238 
00:00:06.784239 [/Devices/pcnet/0/LUN#999/] (level 4)
00:00:06.784240   Driver <string>  = "MainStatus" (cb=11)
00:00:06.784241 
00:00:06.784241 [/Devices/pcnet/0/LUN#999/Config/] (level 5)
00:00:06.784243   First                <integer> = 0x0000000000000000 (0)
00:00:06.784244   HasMediumAttachments <integer> = 0x0000000000000000 (0)
00:00:06.784245   Last                 <integer> = 0x0000000000000000 (0)
00:00:06.784246   iLedSet              <integer> = 0x0000000000000004 (4)
00:00:06.784247 
00:00:06.784247 [/Devices/piix3ide/] (level 2)
00:00:06.784248 
00:00:06.784249 [/Devices/piix3ide/0/] (level 3)
00:00:06.784250   PCIBusNo      <integer> = 0x0000000000000000 (0)
00:00:06.784251   PCIDeviceNo   <integer> = 0x0000000000000001 (1)
00:00:06.784252   PCIFunctionNo <integer> = 0x0000000000000001 (1)
00:00:06.784253   Trusted       <integer> = 0x0000000000000001 (1)
00:00:06.784254 
00:00:06.784254 [/Devices/piix3ide/0/Config/] (level 4)
00:00:06.784255   Type <string>  = "PIIX4" (cb=6)
00:00:06.784256 
00:00:06.784256 [/Devices/piix3ide/0/LUN#0/] (level 4)
00:00:06.784258   Driver <string>  = "VD" (cb=3)
00:00:06.784258 
00:00:06.784259 [/Devices/piix3ide/0/LUN#0/Config/] (level 5)
00:00:06.784260   Format    <string>  = "VDI" (cb=4)
00:00:06.784261   Mountable <integer> = 0x0000000000000000 (0)
00:00:06.784262   Path      <string>  = "C:\Users\Linus\VirtualBox VMs\SyncWide OS\SyncWide OS.vdi" (cb=58)
00:00:06.784263   Type      <string>  = "HardDisk" (cb=9)
00:00:06.784264 
00:00:06.784265 [/Devices/piix3ide/0/LUN#0/Config/VDConfig/] (level 6)
00:00:06.784266   AllocationBlockSize <string>  = "1048576" (cb=8)
00:00:06.784267 
00:00:06.784268 [/Devices/piix3ide/0/LUN#2/] (level 4)
00:00:06.784269   Driver <string>  = "VD" (cb=3)
00:00:06.784270 
00:00:06.784270 [/Devices/piix3ide/0/LUN#2/Config/] (level 5)
00:00:06.784272   Format    <string>  = "RAW" (cb=4)
00:00:06.784272   Mountable <integer> = 0x0000000000000001 (1)
00:00:06.784273   Path      <string>  = "C:\Users\Linus\Documents\projekts\SyncWideOS\build\SyncWideOS.iso" (cb=66)
00:00:06.784274   ReadOnly  <integer> = 0x0000000000000001 (1)
00:00:06.784275   Type      <string>  = "DVD" (cb=4)
00:00:06.784276 
00:00:06.784276 [/Devices/piix3ide/0/LUN#999/] (level 4)
00:00:06.784278   Driver <string>  = "MainStatus" (cb=11)
00:00:06.784278 
00:00:06.784279 [/Devices/piix3ide/0/LUN#999/Config/] (level 5)
00:00:06.784281   DeviceInstance       <string>  = "piix3ide/0" (cb=11)
00:00:06.784281   First                <integer> = 0x0000000000000000 (0)
00:00:06.784283   HasMediumAttachments <integer> = 0x0000000000000001 (1)
00:00:06.784284   Last                 <integer> = 0x0000000000000003 (3)
00:00:06.784285   iLedSet              <integer> = 0x0000000000000003 (3)
00:00:06.784286 
00:00:06.784286 [/Devices/serial/] (level 2)
00:00:06.784288 
00:00:06.784288 [/Devices/usb-ehci/] (level 2)
00:00:06.784289 
00:00:06.784289 [/Devices/usb-ehci/0/] (level 3)
00:00:06.784291   PCIBusNo      <integer> = 0x0000000000000000 (0)
00:00:06.784291   PCIDeviceNo   <integer> = 0x000000000000000b (11)
00:00:06.784292   PCIFunctionNo <integer> = 0x0000000000000000 (0)
00:00:06.784293   Trusted       <integer> = 0x0000000000000001 (1)
00:00:06.784294 
00:00:06.784294 [/Devices/usb-ehci/0/Config/] (level 4)
00:00:06.784296 
00:00:06.784296 [/Devices/usb-ehci/0/LUN#0/] (level 4)
00:00:06.784297   Driver <string>  = "VUSBRootHub" (cb=12)
00:00:06.784298 
00:00:06.784299 [/Devices/usb-ehci/0/LUN#0/Config/] (level 5)
00:00:06.784300 
00:00:06.784300 [/Devices/usb-ehci/0/LUN#999/] (level 4)
00:00:06.784302   Driver <string>  = "MainStatus" (cb=11)
00:00:06.784303 
00:00:06.784303 [/Devices/usb-ehci/0/LUN#999/Config/] (level 5)
00:00:06.784304   First                <integer> = 0x0000000000000000 (0)
00:00:06.784306   HasMediumAttachments <integer> = 0x0000000000000000 (0)
00:00:06.784307   Last                 <integer> = 0x0000000000000000 (0)
00:00:06.784308   iLedSet              <integer> = 0x0000000000000002 (2)
00:00:06.784309 
00:00:06.784309 [/Devices/usb-ohci/] (level 2)
00:00:06.784310 
00:00:06.784311 [/Devices/usb-ohci/0/] (level 3)
00:00:06.784312   PCIBusNo      <integer> = 0x0000000000000000 (0)
00:00:06.784313   PCIDeviceNo   <integer> = 0x0000000000000006 (6)
00:00:06.784314   PCIFunctionNo <integer> = 0x0000000000000000 (0)
00:00:06.784315   Trusted       <integer> = 0x0000000000000001 (1)
00:00:06.784316 
00:00:06.784316 [/Devices/usb-ohci/0/Config/] (level 4)
00:00:06.784317 
00:00:06.784318 [/Devices/usb-ohci/0/LUN#0/] (level 4)
00:00:06.784319   Driver <string>  = "VUSBRootHub" (cb=12)
00:00:06.784320 
00:00:06.784320 [/Devices/usb-ohci/0/LUN#0/Config/] (level 5)
00:00:06.784322 
00:00:06.784322 [/Devices/usb-ohci/0/LUN#999/] (level 4)
00:00:06.784323   Driver <string>  = "MainStatus" (cb=11)
00:00:06.784324 
00:00:06.784324 [/Devices/usb-ohci/0/LUN#999/Config/] (level 5)
00:00:06.784326   First                <integer> = 0x0000000000000000 (0)
00:00:06.784327   HasMediumAttachments <integer> = 0x0000000000000000 (0)
00:00:06.784328   Last                 <integer> = 0x0000000000000000 (0)
00:00:06.784329   iLedSet              <integer> = 0x0000000000000001 (1)
00:00:06.784330 
00:00:06.784330 [/Devices/vga/] (level 2)
00:00:06.784332 
00:00:06.784332 [/Devices/vga/0/] (level 3)
00:00:06.784333   PCIBusNo      <integer> = 0x0000000000000000 (0)
00:00:06.784334   PCIDeviceNo   <integer> = 0x0000000000000002 (2)
00:00:06.784335   PCIFunctionNo <integer> = 0x0000000000000000 (0)
00:00:06.784336   Trusted       <integer> = 0x0000000000000001 (1)
00:00:06.784337 
00:00:06.784337 [/Devices/vga/0/Config/] (level 4)
00:00:06.784339   3DEnabled        <integer> = 0x0000000000000000 (0)
00:00:06.784340   CustomVideoModes <integer> = 0x0000000000000000 (0)
00:00:06.784340   FadeIn           <integer> = 0x0000000000000001 (1)
00:00:06.784341   FadeOut          <integer> = 0x0000000000000001 (1)
00:00:06.784342   HeightReduction  <integer> = 0x0000000000000000 (0)
00:00:06.784343   LogoFile         <string>  = "" (cb=1)
00:00:06.784344   LogoTime         <integer> = 0x0000000000000000 (0)
00:00:06.784345   MonitorCount     <integer> = 0x0000000000000001 (1)
00:00:06.784346   ShowBootMenu     <integer> = 0x0000000000000002 (2)
00:00:06.784347   VRamSize         <integer> = 0x0000000000700000 (7 340 032, 7.0 MiB)
00:00:06.784349 
00:00:06.784349 [/Devices/vga/0/LUN#0/] (level 4)
00:00:06.784351   Driver <string>  = "MainDisplay" (cb=12)
00:00:06.784351 
00:00:06.784352 [/Devices/vga/0/LUN#0/Config/] (level 5)
00:00:06.784353 
00:00:06.784353 [/Devices/vga/0/LUN#999/] (level 4)
00:00:06.784355   Driver <string>  = "MainStatus" (cb=11)
00:00:06.784355 
00:00:06.784356 [/Devices/vga/0/LUN#999/Config/] (level 5)
00:00:06.784357   First                <integer> = 0x0000000000000000 (0)
00:00:06.784358   HasMediumAttachments <integer> = 0x0000000000000000 (0)
00:00:06.784359   Last                 <integer> = 0x0000000000000000 (0)
00:00:06.784360   iLedSet              <integer> = 0x0000000000000000 (0)
00:00:06.784362 
00:00:06.784362 [/Devices/virtio-net/] (level 2)
00:00:06.784363 
00:00:06.784364 [/EM/] (level 1)
00:00:06.784365   TripleFaultReset <integer> = 0x0000000000000000 (0)
00:00:06.784365 
00:00:06.784366 [/GCM/] (level 1)
00:00:06.784367 
00:00:06.784367 [/GIM/] (level 1)
00:00:06.784368   Provider <string>  = "None" (cb=5)
00:00:06.784369 
00:00:06.784369 [/HM/] (level 1)
00:00:06.784370   64bitEnabled        <integer> = 0x0000000000000001 (1)
00:00:06.784371   EnableLargePages    <integer> = 0x0000000000000001 (1)
00:00:06.784372   EnableNestedPaging  <integer> = 0x0000000000000001 (1)
00:00:06.784373   EnableUX            <integer> = 0x0000000000000001 (1)
00:00:06.784374   EnableVPID          <integer> = 0x0000000000000001 (1)
00:00:06.784375   Exclusive           <integer> = 0x0000000000000000 (0)
00:00:06.784376   HMForced            <integer> = 0x0000000000000001 (1)
00:00:06.784377   IBPBOnVMEntry       <integer> = 0x0000000000000000 (0)
00:00:06.784378   IBPBOnVMExit        <integer> = 0x0000000000000000 (0)
00:00:06.784379   L1DFlushOnSched     <integer> = 0x0000000000000001 (1)
00:00:06.784380   L1DFlushOnVMEntry   <integer> = 0x0000000000000000 (0)
00:00:06.784381   MDSClearOnSched     <integer> = 0x0000000000000001 (1)
00:00:06.784382   MDSClearOnVMEntry   <integer> = 0x0000000000000000 (0)
00:00:06.784383   SpecCtrlByHost      <integer> = 0x0000000000000000 (0)
00:00:06.784384   SvmVirtVmsaveVmload <integer> = 0x0000000000000000 (0)
00:00:06.784385   UseNEMInstead       <integer> = 0x0000000000000000 (0)
00:00:06.784386 
00:00:06.784386 [/MM/] (level 1)
00:00:06.784387   CanUseLargerHeap <integer> = 0x0000000000000000 (0)
00:00:06.784388 
00:00:06.784388 [/NEM/] (level 1)
00:00:06.784390   Allow64BitGuests  <integer> = 0x0000000000000001 (1)
00:00:06.784391   IBPBOnVMEntry     <integer> = 0x0000000000000000 (0)
00:00:06.784392   IBPBOnVMExit      <integer> = 0x0000000000000000 (0)
00:00:06.784392   L1DFlushOnSched   <integer> = 0x0000000000000001 (1)
00:00:06.784393   L1DFlushOnVMEntry <integer> = 0x0000000000000000 (0)
00:00:06.784394   MDSClearOnSched   <integer> = 0x0000000000000001 (1)
00:00:06.784395   MDSClearOnVMEntry <integer> = 0x0000000000000000 (0)
00:00:06.784396 
00:00:06.784396 [/PDM/] (level 1)
00:00:06.784397 
00:00:06.784397 [/PDM/AsyncCompletion/] (level 2)
00:00:06.784399 
00:00:06.784399 [/PDM/AsyncCompletion/File/] (level 3)
00:00:06.784400 
00:00:06.784401 [/PDM/AsyncCompletion/File/BwGroups/] (level 4)
00:00:06.784402 
00:00:06.784403 [/PDM/BlkCache/] (level 2)
00:00:06.784404   CacheSize <integer> = 0x0000000000500000 (5 242 880, 5.0 MiB)
00:00:06.784405 
00:00:06.784406 [/PDM/Devices/] (level 2)
00:00:06.784407 
00:00:06.784407 [/PDM/Drivers/] (level 2)
00:00:06.784408 
00:00:06.784409 [/PDM/Drivers/VBoxC/] (level 3)
00:00:06.784410   Path <string>  = "VBoxC" (cb=6)
00:00:06.784411 
00:00:06.784411 [/PDM/NetworkShaper/] (level 2)
00:00:06.784412 
00:00:06.784412 [/PDM/NetworkShaper/BwGroups/] (level 3)
00:00:06.784414 
00:00:06.784414 [/TM/] (level 1)
00:00:06.784415   UTCOffset <integer> = 0x0000000000000000 (0)
00:00:06.784416 
00:00:06.784416 [/USB/] (level 1)
00:00:06.784417 
00:00:06.784417 [/USB/USBProxy/] (level 2)
00:00:06.784419 
00:00:06.784419 [/USB/USBProxy/GlobalConfig/] (level 3)
00:00:06.784420 
00:00:06.784421 ********************* End of CFGM dump **********************
00:00:06.784770 HM: HMR3Init: Attempting fall back to NEM: AMD-V is not available
00:00:06.816081 NEM:  info: Found optional import WinHvPlatform.dll!WHvQueryGpaRangeDirtyBitmap.
00:00:06.816110 NEM:  info: Found optional import WinHvPlatform.dll!WHvResumePartitionTime.
00:00:06.816121 NEM:  info: Found optional import WinHvPlatform.dll!WHvSuspendPartitionTime.
00:00:06.816135 NEM:  info: Found optional import vid.dll!VidGetHvPartitionId.
00:00:06.816153 NEM:  info: Found optional import vid.dll!VidGetPartitionProperty.
00:00:06.816626 NEM: WHvCapabilityCodeHypervisorPresent is TRUE, so this might work...
00:00:06.816646 NEM: WHvCapabilityCodeExtendedVmExits      = 0x0000000000007fff
00:00:06.816658 NEM:                           X64CpuidExit: 1
00:00:06.816668 NEM:                             X64MsrExit: 1
00:00:06.816677 NEM:                          ExceptionExit: 1
00:00:06.816686 NEM:                           X64RdtscExit: 1
00:00:06.816695 NEM:                     X64ApicSmiExitTrap: 1
00:00:06.816703 NEM:                          HypercallExit: 1
00:00:06.816712 NEM:                X64ApicInitSipiExitTrap: 1
00:00:06.816720 NEM:              X64ApicWriteLint0ExitTrap: 1
00:00:06.816729 NEM:              X64ApicWriteLint1ExitTrap: 1
00:00:06.816737 NEM:                X64ApicWriteSvrExitTrap: 1
00:00:06.816745 NEM:                 UnknownSynicConnection: 1
00:00:06.816759 NEM:              RetargetUnknownVpciDevice: 1
00:00:06.816767 NEM:                X64ApicWriteLdrExitTrap: 1
00:00:06.816775 NEM:                X64ApicWriteDfrExitTrap: 1
00:00:06.816785 NEM:                     GpaAccessFaultExit: 1
00:00:06.816794 NEM: WHvCapabilityCodeFeatures             = 0x00000000000002ff
00:00:06.816804 NEM:                           PartialUnmap: 1
00:00:06.816813 NEM:                     LocalApicEmulation: 1
00:00:06.816821 NEM:                                  Xsave: 1
00:00:06.816830 NEM:                      DirtyPageTracking: 1
00:00:06.816838 NEM:                     SpeculationControl: 1
00:00:06.816847 NEM:                         ApicRemoteRead: 1
00:00:06.816856 NEM:                            IdleSuspend: 1
00:00:06.816864 NEM:                VirtualPciDeviceSupport: 1
00:00:06.816871 NEM:                           IommuSupport: 0
00:00:06.816877 NEM:                         VpHotAddRemove: 1
00:00:06.816883 NEM: Supported exception exit bitmap: 0xf7dfb
00:00:06.816896 NEM: WHvCapabilityCodeProcessorVendor      = 0 - AMD
00:00:06.816913 NEM: WHvCapabilityCodeProcessorFeatures    = 0x060177cb66f39fbf
00:00:06.816922 NEM:                            Sse3Support: 1
00:00:06.816928 NEM:                        LahfSahfSupport: 1
00:00:06.816933 NEM:                           Ssse3Support: 1
00:00:06.816939 NEM:                          Sse4_1Support: 1
00:00:06.816944 NEM:                          Sse4_2Support: 1
00:00:06.816950 NEM:                           Sse4aSupport: 1
00:00:06.816955 NEM:                             XopSupport: 0
00:00:06.816960 NEM:                          PopCntSupport: 1
00:00:06.816966 NEM:                      Cmpxchg16bSupport: 1
00:00:06.816971 NEM:                       Altmovcr8Support: 1
00:00:06.816976 NEM:                           LzcntSupport: 1
00:00:06.816982 NEM:                     MisAlignSseSupport: 1
00:00:06.816987 NEM:                          MmxExtSupport: 1
00:00:06.816993 NEM:                        Amd3DNowSupport: 0
00:00:06.816998 NEM:                ExtendedAmd3DNowSupport: 0
00:00:06.817003 NEM:                         Page1GbSupport: 1
00:00:06.817008 NEM:                             AesSupport: 1
00:00:06.817014 NEM:                       PclmulqdqSupport: 1
00:00:06.817019 NEM:                            PcidSupport: 0
00:00:06.817025 NEM:                            Fma4Support: 0
00:00:06.817030 NEM:                            F16CSupport: 1
00:00:06.817036 NEM:                          RdRandSupport: 1
00:00:06.817041 NEM:                        RdWrFsGsSupport: 1
00:00:06.817046 NEM:                            SmepSupport: 1
00:00:06.817052 NEM:              EnhancedFastStringSupport: 0
00:00:06.817057 NEM:                            Bmi1Support: 1
00:00:06.817062 NEM:                            Bmi2Support: 1
00:00:06.817067 NEM:                              Reserved1: 0
00:00:06.817073 NEM:                           MovbeSupport: 1
00:00:06.817092 NEM:                          Npiep1Support: 1
00:00:06.817101 NEM:                   DepX87FPUSaveSupport: 0
00:00:06.817109 NEM:                          RdSeedSupport: 1
00:00:06.817114 NEM:                             AdxSupport: 1
00:00:06.817120 NEM:                   IntelPrefetchSupport: 0
00:00:06.817125 NEM:                            SmapSupport: 1
00:00:06.817130 NEM:                             HleSupport: 0
00:00:06.817137 NEM:                             RtmSupport: 0
00:00:06.817142 NEM:                          RdtscpSupport: 1
00:00:06.817148 NEM:                      ClflushoptSupport: 1
00:00:06.817153 NEM:                            ClwbSupport: 1
00:00:06.817158 NEM:                             ShaSupport: 1
00:00:06.817164 NEM:                X87PointersSavedSupport: 1
00:00:06.817169 NEM:                         InvpcidSupport: 0
00:00:06.817174 NEM:                            IbrsSupport: 1
00:00:06.817180 NEM:                           StibpSupport: 1
00:00:06.817185 NEM:                            IbpbSupport: 1
00:00:06.817191 NEM:                              Reserved2: 0
00:00:06.817196 NEM:                            SsbdSupport: 1
00:00:06.817202 NEM:                 FastShortRepMovSupport: 0
00:00:06.817207 NEM:                              Reserved3: 0
00:00:06.817212 NEM:                                 RdclNo: 0
00:00:06.817218 NEM:                         IbrsAllSupport: 0
00:00:06.817223 NEM:                              Reserved4: 0
00:00:06.817229 NEM:                                  SsbNo: 0
00:00:06.817234 NEM:                                 RsbANo: 0
00:00:06.817240 NEM:                              Reserved5: 0
00:00:06.817245 NEM:                           RdPidSupport: 1
00:00:06.817250 NEM:                            UmipSupport: 1
00:00:06.817256 NEM:                           MdsNoSupport: 0
00:00:06.817261 NEM:                         MdClearSupport: 0
00:00:06.817266 NEM:                           TaaNoSupport: 0
00:00:06.817272 NEM:                         TsxCtrlSupport: 0
00:00:06.817277 NEM:                              Reserved6: 0
00:00:06.817290 NEM: WHvCapabilityCodeProcessorClFlushSize = 2^8
00:00:06.817297 NEM: Warning! Unknown capability 0x4 returning: 3f 00 00 00 00 00 00 00 00 00 00 00 00 00 00 00 00 00 00 00 00 00 00 00
00:00:06.817306 NEM: Warning! Unknown capability 0x5 returning: 03 00 00 00 00 00 00 00 00 00 00 00 00 00 00 00 00 00 00 00 00 00 00 00
00:00:06.817332 NEM: Warning! Unknown capability 0x6 returning: 00 00 00 00 00 00 00 00 00 00 00 00 00 00 00 00 00 00 00 00 00 00 00 00
00:00:06.817734 NEM: Warning! Unknown capability 0x1003 returning: 1f 38 00 00 00 00 00 00 00 00 00 00 00 00 00 00 00 00 00 00 00 00 00 00
00:00:06.817754 NEM: Warning! Unknown capability 0x1004 returning: 0e 51 ee 7c 00 00 00 00 00 00 00 00 00 00 00 00 00 00 00 00 00 00 00 00
00:00:06.817763 NEM: Warning! Unknown capability 0x1005 returning: 00 c2 eb 0b 00 00 00 00 00 00 00 00 00 00 00 00 00 00 00 00 00 00 00 00
00:00:06.817771 NEM: Warning! Unknown capability 0x1006 returning: 02 00 00 00 00 00 00 00 bf 9f f3 66 cb 77 01 06 6f 00 00 00 00 00 00 00
00:00:06.817779 NEM: Warning! Unknown capability 0x1007 returning: 00 00 00 00 00 00 00 00 00 00 00 00 00 00 00 00 00 00 00 00 00 00 00 00
00:00:06.817792 NEM: Warning! Unknown capability 0x1008 returning: 01 00 00 00 00 00 00 00 ff 8f 44 ff 6f 00 00 00 00 00 00 00 00 00 00 00
00:00:06.817806 NEM: Warning! Unknown capability 0x1009 returning: 01 00 00 00 00 00 00 00 00 00 00 00 00 00 00 00 00 00 00 00 00 00 00 00
00:00:06.817820 NEM: Warning! Unknown capability 0x100a returning: 30 00 00 00 00 00 00 00 00 00 00 00 00 00 00 00 00 00 00 00 00 00 00 00
00:00:06.819317 NEM: Created partition 0000020bf44d6800.
00:00:06.819353 PGM: Enabling NEM mode
00:00:06.819539 NEM:
00:00:06.819539 NEM: NEMR3Init: Snail execution mode is active!
00:00:06.819539 NEM: Note! VirtualBox is not able to run at its full potential in this execution mode.
00:00:06.819540 NEM:       To see VirtualBox run at max speed you need to disable all Windows features
00:00:06.819540 NEM:       making use of Hyper-V.  That is a moving target, so google how and carefully
00:00:06.819540 NEM:       consider the consequences of disabling these features.
00:00:06.819540 NEM:
00:00:06.819588 CPUM: No hardware-virtualization capability detected
00:00:06.819597 CPUM: fXStateHostMask=0x7; initial: 0x7; host XCR0=0x7
00:00:06.825648 CPUM: Matched host CPU AMD 0x17/0x68/0x1 AMD_Zen_Ryzen with CPU DB entry 'AMD Ryzen 7 1800X Eight-Core' (AMD 0x17/0x1/0x1 AMD_Zen_Ryzen)
00:00:06.828499 CPUM: MXCSR_MASK=0x2ffff (host: 0x2ffff)
00:00:06.828561 CPUM: Microcode revision 0x08608102
00:00:06.828599 CPUM: MSR fudge: 0x00000017 IA32_PLATFORM_ID
00:00:06.828676 CPUM: MSR fudge: 0x000001a0 IA32_MISC_ENABLE
00:00:06.828708 CPUM: MSR fudge: 0x000002ff IA32_MTRR_DEF_TYPE
00:00:06.828740 CPUM: MSR fudge: 0x0000002c P4_EBC_FREQUENCY_ID
00:00:06.828862 CPUM: SetGuestCpuIdFeature: Enabled SYSENTER/EXIT
00:00:06.828876 CPUM: SetGuestCpuIdFeature: Enabled SYSCALL/RET
00:00:06.828881 CPUM: SetGuestCpuIdFeature: Enabled PAE
00:00:06.828886 CPUM: SetGuestCpuIdFeature: Enabled LAHF/SAHF
00:00:06.828891 CPUM: SetGuestCpuIdFeature: Enabled NX
00:00:06.828896 CPUM: SetGuestCpuIdFeature: Enabled LONG MODE
00:00:06.828902 CPUM: Set SSBD not required flag for AMD to work around some buggy Linux kernels!
00:00:06.828907 CPUM: Enabled MTRR read-write support
00:00:06.828915 CPUM: Enabled fixed-range MTRRs and 16 (virtualized) variable-range MTRRs
00:00:06.834001 NEM: HvPartitionPropertyProcessorVendor=0x0 (0)
00:00:06.834530 NEM: Successfully set up partition (device handle 0000000000000ce9, partition ID 0x0)
00:00:06.834867 PGM: Host paging mode: AMD64+PGE+NX
00:00:06.834887 PGM: PGMPool: cMaxPages=2304 (u64MaxPages=2116)
00:00:06.834893 PGM: pgmR3PoolInit: cMaxPages=0x900 cMaxUsers=0x1200 cMaxPhysExts=0x1200 fCacheEnable=true
00:00:06.884761 SUPLib: MEM_LARGE_PAGES privilege not held.
00:00:07.122841 TM: GIP - u32Mode=3 (Invariant) u32UpdateHz=93 u32UpdateIntervalNS=10741500 enmUseTscDelta=2 (Practically Zero) fGetGipCpu=0x3b cCpus=12
00:00:07.122890 TM: GIP - u64CpuHz=2 095 992 999 (0x7cee50a7)  SUPGetCpuHzFromGip => 2 095 992 999
00:00:07.122899 TM: GIP - CPU: iCpuSet=0x0 idCpu=0x0 idApic=0x0 iGipCpu=0x7 i64TSCDelta=0 enmState=3 u64CpuHz=2095992996(*) cErrors=0
00:00:07.122907 TM: GIP - CPU: iCpuSet=0x1 idCpu=0x1 idApic=0x1 iGipCpu=0x8 i64TSCDelta=0 enmState=3 u64CpuHz=2095992999(*) cErrors=0
00:00:07.122914 TM: GIP - CPU: iCpuSet=0x2 idCpu=0x2 idApic=0x2 iGipCpu=0x4 i64TSCDelta=0 enmState=3 u64CpuHz=2095992432(*) cErrors=0
00:00:07.122920 TM: GIP - CPU: iCpuSet=0x3 idCpu=0x3 idApic=0x3 iGipCpu=0x5 i64TSCDelta=0 enmState=3 u64CpuHz=2095992719(*) cErrors=0
00:00:07.122926 TM: GIP - CPU: iCpuSet=0x4 idCpu=0x4 idApic=0x4 iGipCpu=0x9 i64TSCDelta=0 enmState=3 u64CpuHz=2095993035(*) cErrors=0
00:00:07.122932 TM: GIP - CPU: iCpuSet=0x5 idCpu=0x5 idApic=0x5 iGipCpu=0x6 i64TSCDelta=0 enmState=3 u64CpuHz=2095992917(*) cErrors=0
00:00:07.122938 TM: GIP - CPU: iCpuSet=0x6 idCpu=0x6 idApic=0x8 iGipCpu=0x1 i64TSCDelta=0 enmState=3 u64CpuHz=2095987992(*) cErrors=0
00:00:07.122944 TM: GIP - CPU: iCpuSet=0x7 idCpu=0x7 idApic=0x9 iGipCpu=0x3 i64TSCDelta=0 enmState=3 u64CpuHz=2095992502(*) cErrors=0
00:00:07.122950 TM: GIP - CPU: iCpuSet=0x8 idCpu=0x8 idApic=0xa iGipCpu=0x0 i64TSCDelta=0 enmState=3 u64CpuHz=2095992999(*) cErrors=0
00:00:07.122956 TM: GIP - CPU: iCpuSet=0x9 idCpu=0x9 idApic=0xb iGipCpu=0xa i64TSCDelta=0 enmState=3 u64CpuHz=2095993034(*) cErrors=0
00:00:07.122962 TM: GIP - CPU: iCpuSet=0xa idCpu=0xa idApic=0xc iGipCpu=0x2 i64TSCDelta=0 enmState=3 u64CpuHz=2095990163(*) cErrors=0
00:00:07.122968 TM: GIP - CPU: iCpuSet=0xb idCpu=0xb idApic=0xd iGipCpu=0xb i64TSCDelta=0 enmState=3 u64CpuHz=2095992961(*) cErrors=0
00:00:07.122986 TM: NEM overrides the /TM/TSCModeSwitchAllowed setting.
00:00:07.123005 TM:     cTSCTicksPerSecond=2 095 992 999 (0x7cee50a7) enmTSCMode=4 (NativeApi) TSCMultiplier=1
00:00:07.123010 TM: cTSCTicksPerSecondHost=2 095 992 999 (0x7cee50a7)
00:00:07.123011 TM: TSCTiedToExecution=false TSCNotTiedToHalt=false
00:00:07.124336 EMR3Init: fIemExecutesAll=false fGuruOnTripleFault=true
00:00:07.124813 IEM: TargetCpu=CURRENT, Microarch=AMD_Zen_Ryzen aidxTargetCpuEflFlavour={2,0}
00:00:07.126542 GIM: Using provider 'None' (Implementation version: 0)
00:00:07.126574 GCM: Initialized - Fixer bits: 0x0
00:00:07.126671 AIOMgr: Default manager type is 'Async'
00:00:07.126679 AIOMgr: Default file backend is 'NonBuffered'
00:00:07.126761 BlkCache: Cache successfully initialized. Cache size is 5242880 bytes
00:00:07.126769 BlkCache: Cache commit interval is 10000 ms
00:00:07.126775 BlkCache: Cache commit threshold is 2621440 bytes
00:00:07.578390 PcBios: [SMP] BIOS with 3 CPUs
00:00:07.578431 PcBios: Using the 386+ BIOS image.
00:00:07.578505 PcBios: MPS table at 000e1300
00:00:07.579050 PcBios: fCheckShutdownStatusForSoftReset=true  fClearShutdownStatusOnHardReset=true
00:00:07.579373 CPUM: SetGuestCpuIdFeature: Enabled xAPIC
00:00:07.581437 IOAPIC: Version=2.0 ChipType=ICH9
00:00:07.581523 PIT: mode=3 count=0x10000 (65536) - 18.20 Hz (ch=0)
00:00:07.581755 VMMDev: cbDefaultBudget: 329 004 202 (139c34aa)
00:00:07.613177 Shared Folders service loaded
00:00:07.634736 Guest Control service loaded
00:00:07.672071 VGA: Using the 386+ BIOS image.
00:00:07.673376 DrvVD: Flushes will be ignored
00:00:07.673414 DrvVD: Async flushes will be passed to the disk
00:00:07.673744 VD: VDInit finished with VINF_SUCCESS
00:00:07.673952 VD: Opening the disk took 518732 ns
00:00:07.674023 PIIX3 ATA: LUN#0: disk, PCHS=4161/16/63, total number of sectors 4194304
00:00:07.674116 PIIX3 ATA: LUN#1: no unit
00:00:07.674212 DrvVD: Flushes will be ignored
00:00:07.674220 DrvVD: Async flushes will be passed to the disk
00:00:07.674312 VD: Opening the disk took 81891 ns
00:00:07.674350 PIIX3 ATA: LUN#2: CD/DVD, total number of sectors 2539, passthrough disabled
00:00:07.674360 PIIX3 ATA: LUN#3: no unit
00:00:07.674477 PIIX3 ATA: Ctl#0: finished processing RESET
00:00:07.674530 PIIX3 ATA: Ctl#1: finished processing RESET
00:00:07.674856 NAT: These CFGM parameters are currently not supported when using NAT:
00:00:07.674856           DNSProxy
00:00:07.674857           UseHostResolver
00:00:07.674857           AliasMode
00:00:07.674857           SockRcv
00:00:07.674858           SockSnd
00:00:07.674858           TcpRcv
00:00:07.674858           TcpSnd
00:00:07.674858           ICMPCacheLimit
00:00:07.674859           HostResolverMappings
00:00:07.698615 AC97: Using codec 'STAC9700'
00:00:07.733466 WasAPI: Input device is: {Default} (iface 0000020bf4e58c20)
00:00:07.735228 WasAPI: Output device is: {Default} (iface 0000020bf4e593a0)
00:00:07.741428 Audio: Found 7 devices for driver 'WasAPI'
00:00:07.741466 Audio: Device 'Lautsprecher (Logitech G733 Gaming Headset)':
00:00:07.741467 Audio:   ID              = {0.0.0.00000000}.{48a71d07-0129-4289-b2b9-c3707a930083}
00:00:07.741468 Audio:   Usage           = output
00:00:07.741468 Audio:   Flags           = DEFAULT_OUT
00:00:07.741469 Audio:   Input channels  = 0
00:00:07.741470 Audio:   Output channels = 8
00:00:07.741476 Audio: Device 'Lautsprecher (Logitech G733 Gaming Headset)':
00:00:07.741477 Audio:   ID              = {0.0.0.00000000}.{48a71d07-0129-4289-b2b9-c3707a930083}
00:00:07.741477 Audio:   Usage           = output
00:00:07.741478 Audio:   Flags           = NONE
00:00:07.741478 Audio:   Input channels  = 0
00:00:07.741479 Audio:   Output channels = 8
00:00:07.741484 Audio: Device '1 - G246HL (AMD High Definition Audio Device)':
00:00:07.741485 Audio:   ID              = {0.0.0.00000000}.{a867ca74-87ec-49cf-988e-baf18d4c3d30}
00:00:07.741485 Audio:   Usage           = output
00:00:07.741486 Audio:   Flags           = NONE
00:00:07.741486 Audio:   Input channels  = 0
00:00:07.741487 Audio:   Output channels = 2
00:00:07.741492 Audio: Device 'Lautsprecher (Realtek(R) Audio)':
00:00:07.741493 Audio:   ID              = {0.0.0.00000000}.{adb4e519-e546-4541-b53c-a58aadca328a}
00:00:07.741493 Audio:   Usage           = output
00:00:07.741493 Audio:   Flags           = NONE
00:00:07.741494 Audio:   Input channels  = 0
00:00:07.741494 Audio:   Output channels = 2
00:00:07.741510 Audio: Device 'Mikrofon (Logitech G733 Gaming Headset)':
00:00:07.741511 Audio:   ID              = {0.0.1.00000000}.{f49e98f5-eaf9-47a8-90f6-09d3239dbad8}
00:00:07.741512 Audio:   Usage           = input
00:00:07.741512 Audio:   Flags           = DEFAULT_IN
00:00:07.741512 Audio:   Input channels  = 1
00:00:07.741513 Audio:   Output channels = 0
00:00:07.741524 Audio: Device 'Mikrofonarray (Realtek(R) Audio)':
00:00:07.741524 Audio:   ID              = {0.0.1.00000000}.{7eed4e88-b4cb-43ca-ad2e-46c2f34fa98d}
00:00:07.741525 Audio:   Usage           = input
00:00:07.741525 Audio:   Flags           = NONE
00:00:07.741526 Audio:   Input channels  = 2
00:00:07.741526 Audio:   Output channels = 0
00:00:07.741531 Audio: Device 'Mikrofon (Logitech G733 Gaming Headset)':
00:00:07.741532 Audio:   ID              = {0.0.1.00000000}.{f49e98f5-eaf9-47a8-90f6-09d3239dbad8}
00:00:07.741532 Audio:   Usage           = input
00:00:07.741533 Audio:   Flags           = NONE
00:00:07.741533 Audio:   Input channels  = 1
00:00:07.741534 Audio:   Output channels = 0
00:00:07.741791 AC97: Reset
00:00:07.741808 AC97: Mixer reset (EAID=0x809, EACS=0x9)
00:00:07.741815 AC97: Record select to left=mic, right=mic
00:00:07.741823 Audio Mixer: MUTING master volume of 'AC'97 Mixer' -- channel volumes: ff ff ff ff ff ff ff ff ff ff ff ff
00:00:07.741835 Audio Mixer: MUTING sink 'AC'97 Mixer/Line In' -- channel volumes: 00 00 00 00 00 00 00 00 00 00 00 00
00:00:07.741844 Audio Mixer: MUTING sink 'AC'97 Mixer/Microphone In' -- channel volumes: 00 00 00 00 00 00 00 00 00 00 00 00
00:00:07.741851 Audio Mixer: MUTING sink 'AC'97 Mixer/PCM Output' -- channel volumes: 00 00 00 00 00 00 00 00 00 00 00 00
00:00:07.741860 Audio Mixer: MUTING sink 'AC'97 Mixer/PCM Output' -- channel volumes: 00 00 00 00 00 00 00 00 00 00 00 00
00:00:07.741866 Audio Mixer: MUTING sink 'AC'97 Mixer/Line In' -- channel volumes: 00 00 00 00 00 00 00 00 00 00 00 00
00:00:07.741873 Audio Mixer: MUTING sink 'AC'97 Mixer/Line In' -- channel volumes: 00 00 00 00 00 00 00 00 00 00 00 00
00:00:07.741879 Audio Mixer: MUTING sink 'AC'97 Mixer/Microphone In' -- channel volumes: 00 00 00 00 00 00 00 00 00 00 00 00
00:00:07.742876 PGM: The CPU physical address width is 48 bits
00:00:07.742911 PGM: PGMR3InitFinalize: 4 MB PSE mask 0000ffffffffffff -> VINF_SUCCESS
00:00:07.742927 TM: TMR3InitFinalize: fTSCModeSwitchAllowed=false
00:00:07.743462 CPUM: Mapped 2.0TiB (1048576 bytes) of RAM using fixed-range MTRRs
00:00:07.743483 CPUM: Mapped 4.0GiB (4362076160 bytes) of RAM using 4 variable-range MTRRs
00:00:07.743728 VMM: Thread-context hooks unavailable
00:00:07.743740 VMM: RTThreadPreemptIsPending() can be trusted
00:00:07.743745 VMM: Kernel preemption is possible
00:00:07.744088 EM: Exit history optimizations: enabled=true enabled-r0=true enabled-r0-no-preemption=false
00:00:07.744138 PcBios: ATA LUN#0 LCHS=520/128/63
00:00:07.744153 APIC: fPostedIntrsEnabled=false fVirtApicRegsEnabled=false fSupportsTscDeadline=false
00:00:07.744162 TMR3UtcNow: nsNow=1 748 684 013 586 501 300 nsPrev=0 -> cNsDelta=1 748 684 013 586 501 300 (offLag=0 offVirtualSync=0 offVirtualSyncGivenUp=0, NowAgain=1 748 684 013 586 501 300)
00:00:07.744240 VMM: fUsePeriodicPreemptionTimers=true
00:00:07.744253 CPUM: Logical host processors: 12 present, 12 max, 12 online, online mask: 0000000000000fff
00:00:07.744256 CPUM: Physical host cores: 6
00:00:07.744256 ************************* CPUID dump ************************
00:00:07.744269          Raw Standard CPUID Leaves
00:00:07.744269      Leaf/sub-leaf  eax      ebx      ecx      edx
00:00:07.744272 Gst: 00000000/0000  0000000d 68747541 444d4163 69746e65
00:00:07.744273 Hst:                0000000d 68747541 444d4163 69746e65
00:00:07.744276 Gst: 00000001/0000  00860f81 00030800 42d82203 178bfbff
00:00:07.744278 Hst:                00860f81 030c0800 fed8320b 178bfbff
00:00:07.744280 Gst: 00000002/0000  00000000 00000000 00000000 00000000
00:00:07.744281 Hst:                00000000 00000000 00000000 00000000
00:00:07.744284 Gst: 00000003/0000  00000000 00000000 00000000 00000000
00:00:07.744284 Hst:                00000000 00000000 00000000 00000000
00:00:07.744287 Gst: 00000004/0000  00000000 00000000 00000000 00000000
00:00:07.744288 Hst:                00000000 00000000 00000000 00000000
00:00:07.744290 Gst: 00000005/0000  00000000 00000000 00000000 00000000
00:00:07.744291 Hst:                00000040 00000040 00000003 00000011
00:00:07.744293 Gst: 00000006/0000  00000004 00000000 00000000 00000000
00:00:07.744294 Hst:                00000000 00000000 00000001 00000000
00:00:07.744296 Gst: 00000007/0000  00000000 208c0109 00000000 00000000
00:00:07.744297 Hst:                00000000 219c91a9 00400004 00000000
00:00:07.744299 Gst: 00000007/0001  00000000 00000000 00000000 00000000
00:00:07.744300 Hst:                00000000 00000000 00000000 00000000
00:00:07.744302 Gst: 00000007/0002  00000000 00000000 00000000 00000000
00:00:07.744303 Hst:                00000000 00000000 00000000 00000000
00:00:07.744305 Gst: 00000008/0000  00000000 00000000 00000000 00000000
00:00:07.744306 Hst:                00000000 00000000 00000000 00000000
00:00:07.744308 Gst: 00000009/0000  00000000 00000000 00000000 00000000
00:00:07.744309 Hst:                00000000 00000000 00000000 00000000
00:00:07.744311 Gst: 0000000a/0000  00000000 00000000 00000000 00000000
00:00:07.744312 Hst:                00000000 00000000 00000000 00000000
00:00:07.744314 Gst: 0000000b/0000  00000000 00000001 00000100 00000000
00:00:07.744315 Hst:                00000001 00000002 00000100 00000003
00:00:07.744317 Gst: 0000000b/0001  00000002 00000003 00000201 00000000
00:00:07.744318 Hst:                00000007 0000000c 00000201 00000003
00:00:07.744320 Gst: 0000000b/0002  00000000 00000000 00000002 00000000
00:00:07.744321 Hst:                00000000 00000000 00000002 00000003
00:00:07.744323 Gst: 0000000c/0000  00000000 00000000 00000000 00000000
00:00:07.744324 Hst:                00000000 00000000 00000000 00000000
00:00:07.744326 Gst: 0000000d/0000  00000000 00000000 00000000 00000000
00:00:07.744327 Hst:                00000007 00000340 00000340 00000000
00:00:07.744329 Gst: 0000000d/0001  00000000 00000000 00000000 00000000
00:00:07.744330 Hst:                0000000f 00000340 00000000 00000000
00:00:07.744332 Gst: 0000000d/0002  00000000 00000000 00000000 00000000
00:00:07.744333 Hst:                00000100 00000240 00000000 00000000
00:00:07.744335 Gst: 0000000d/0003  00000000 00000000 00000000 00000000
00:00:07.744336 Hst:                00000000 00000000 00000000 00000000
00:00:07.744486                                Name: AuthenticAMD
00:00:07.744488                            Supports: 0x00000000-0x0000000d
00:00:07.744492                              Family: 15 	Extended: 8 	Effective: 23
00:00:07.744494                               Model:  8 	Extended: 6 	Effective: 104
00:00:07.744496                            Stepping: 1
00:00:07.744497                                Type: 0 (primary)
00:00:07.744498                             APIC ID: 0x00
00:00:07.744499                        Logical CPUs: 3
00:00:07.744500                        CLFLUSH Size: 8
00:00:07.744501                            Brand ID: 0x00
00:00:07.744506 Features
00:00:07.744506   Mnemonic - Description                                  = guest (host)
00:00:07.744508   FPU - x87 FPU on Chip                                   = 1 (1)
00:00:07.744510   VME - Virtual 8086 Mode Enhancements                    = 1 (1)
00:00:07.744512   DE - Debugging extensions                               = 1 (1)
00:00:07.744513   PSE - Page Size Extension                               = 1 (1)
00:00:07.744515   TSC - Time Stamp Counter                                = 1 (1)
00:00:07.744516   MSR - Model Specific Registers                          = 1 (1)
00:00:07.744518   PAE - Physical Address Extension                        = 1 (1)
00:00:07.744519   MCE - Machine Check Exception                           = 1 (1)
00:00:07.744520   CX8 - CMPXCHG8B instruction                             = 1 (1)
00:00:07.744522   APIC - APIC On-Chip                                     = 1 (1)
00:00:07.744523   SEP - SYSENTER and SYSEXIT Present                      = 1 (1)
00:00:07.744525   MTRR - Memory Type Range Registers                      = 1 (1)
00:00:07.744526   PGE - PTE Global Bit                                    = 1 (1)
00:00:07.744528   MCA - Machine Check Architecture                        = 1 (1)
00:00:07.744529   CMOV - Conditional Move instructions                    = 1 (1)
00:00:07.744530   PAT - Page Attribute Table                              = 1 (1)
00:00:07.744531   PSE-36 - 36-bit Page Size Extension                     = 1 (1)
00:00:07.744533   PSN - Processor Serial Number                           = 0 (0)
00:00:07.744534   CLFSH - CLFLUSH instruction                             = 1 (1)
00:00:07.744536   DS - Debug Store                                        = 0 (0)
00:00:07.744537   ACPI - Thermal Mon. & Soft. Clock Ctrl.                 = 0 (0)
00:00:07.744538   MMX - Intel MMX Technology                              = 1 (1)
00:00:07.744540   FXSR - FXSAVE and FXRSTOR instructions                  = 1 (1)
00:00:07.744541   SSE - SSE support                                       = 1 (1)
00:00:07.744543   SSE2 - SSE2 support                                     = 1 (1)
00:00:07.744544   SS - Self Snoop                                         = 0 (0)
00:00:07.744546   HTT - Hyper-Threading Technology                        = 1 (1)
00:00:07.744547   TM - Therm. Monitor                                     = 0 (0)
00:00:07.744548   PBE - Pending Break Enabled                             = 0 (0)
00:00:07.744554   SSE3 - SSE3 support                                     = 1 (1)
00:00:07.744556   PCLMUL - PCLMULQDQ support (for AES-GCM)                = 1 (1)
00:00:07.744557   DTES64 - DS Area 64-bit Layout                          = 0 (0)
00:00:07.744558   MONITOR - MONITOR/MWAIT instructions                    = 0 (1)
00:00:07.744560   CPL-DS - CPL Qualified Debug Store                      = 0 (0)
00:00:07.744561   VMX - Virtual Machine Extensions                        = 0 (0)
00:00:07.744562   SMX - Safer Mode Extensions                             = 0 (0)
00:00:07.744564   EST - Enhanced SpeedStep Technology                     = 0 (0)
00:00:07.744565   TM2 - Terminal Monitor 2                                = 0 (0)
00:00:07.744566   SSSE3 - Supplemental Streaming SIMD Extensions 3        = 1 (1)
00:00:07.744568   CNTX-ID - L1 Context ID                                 = 0 (0)
00:00:07.744569   SDBG - Silicon Debug interface                          = 0 (0)
00:00:07.744570   FMA - Fused Multiply Add extensions                     = 0 (1)
00:00:07.744572   CX16 - CMPXCHG16B instruction                           = 1 (1)
00:00:07.744573   TPRUPDATE - xTPR Update Control                         = 0 (0)
00:00:07.744574   PDCM - Perf/Debug Capability MSR                        = 0 (0)
00:00:07.744576   PCID - Process Context Identifiers                      = 0 (0)
00:00:07.744577   DCA - Direct Cache Access                               = 0 (0)
00:00:07.744578   SSE4_1 - SSE4_1 support                                 = 1 (1)
00:00:07.744580   SSE4_2 - SSE4_2 support                                 = 1 (1)
00:00:07.744581   X2APIC - x2APIC support                                 = 0 (0)
00:00:07.744583   MOVBE - MOVBE instruction                               = 1 (1)
00:00:07.744584   POPCNT - POPCNT instruction                             = 1 (1)
00:00:07.744586   TSCDEADL - Time Stamp Counter Deadline                  = 0 (0)
00:00:07.744587   AES - AES instructions                                  = 1 (1)
00:00:07.744588   XSAVE - XSAVE instruction                               = 0 (1)
00:00:07.744590   OSXSAVE - OSXSAVE instruction                           = 0 (1)
00:00:07.744591   AVX - AVX support                                       = 0 (1)
00:00:07.744593   F16C - 16-bit floating point conversion instructions    = 0 (1)
00:00:07.744594   RDRAND - RDRAND instruction                             = 1 (1)
00:00:07.744595   HVP - Hypervisor Present (we're a guest)                = 0 (1)
00:00:07.744597 Structured Extended Feature Flags Enumeration (leaf 7):
00:00:07.744599 Sub-leaf 0
00:00:07.744599   Mnemonic - Description                                  = guest (host)
00:00:07.744601   FSGSBASE - RDFSBASE/RDGSBASE/WRFSBASE/WRGSBASE instr.   = 1 (1)
00:00:07.744602   TSCADJUST - Supports MSR_IA32_TSC_ADJUST                = 0 (0)
00:00:07.744603   SGX - Supports Software Guard Extensions                = 0 (0)
00:00:07.744604   BMI1 - Advanced Bit Manipulation extension 1            = 1 (1)
00:00:07.744605   HLE - Hardware Lock Elision                             = 0 (0)
00:00:07.744607   AVX2 - Advanced Vector Extensions 2                     = 0 (1)
00:00:07.744608   FDP_EXCPTN_ONLY - FPU DP only updated on exceptions     = 0 (0)
00:00:07.744609   SMEP - Supervisor Mode Execution Prevention             = 0 (1)
00:00:07.744610   BMI2 - Advanced Bit Manipulation extension 2            = 1 (1)
00:00:07.744611   ERMS - Enhanced REP MOVSB/STOSB instructions            = 0 (0)
00:00:07.744612   INVPCID - INVPCID instruction                           = 0 (0)
00:00:07.744614   RTM - Restricted Transactional Memory                   = 0 (0)
00:00:07.744615   PQM - Platform Quality of Service Monitoring            = 0 (1)
00:00:07.744616   DEPFPU_CS_DS - Deprecates FPU CS, FPU DS values if set  = 0 (0)
00:00:07.744617   MPE - Intel Memory Protection Extensions                = 0 (0)
00:00:07.744618   PQE - Platform Quality of Service Enforcement           = 0 (1)
00:00:07.744619   AVX512F - AVX512 Foundation instructions                = 0 (0)
00:00:07.744620   RDSEED - RDSEED instruction                             = 1 (1)
00:00:07.744622   ADX - ADCX/ADOX instructions                            = 1 (1)
00:00:07.744623   SMAP - Supervisor Mode Access Prevention                = 0 (1)
00:00:07.744624   CLFLUSHOPT - CLFLUSHOPT (Cache Line Flush) instruction  = 1 (1)
00:00:07.744625   CLWB - CLWB instruction                                 = 0 (1)
00:00:07.744627   INTEL_PT - Intel Processor Trace                        = 0 (0)
00:00:07.744628   AVX512PF - AVX512 Prefetch instructions                 = 0 (0)
00:00:07.744629   AVX512ER - AVX512 Exponential & Reciprocal instructions = 0 (0)
00:00:07.744630   AVX512CD - AVX512 Conflict Detection instructions       = 0 (0)
00:00:07.744631   SHA - Secure Hash Algorithm extensions                  = 1 (1)
00:00:07.744635   PREFETCHWT1 - PREFETCHWT1 instruction                   = 0 (0)
00:00:07.744636   UMIP - User mode insturction prevention                 = 0 (1)
00:00:07.744637   PKU - Protection Key for Usermode pages                 = 0 (0)
00:00:07.744639   OSPKE - CR4.PKU mirror                                  = 0 (0)
00:00:07.744651   MAWAU - Value used by BNDLDX & BNDSTX                   = 0x0 (0x0)
00:00:07.744652   RDPID - Read processor ID support                       = 0 (1)
00:00:07.744654   SGX_LC - Supports SGX Launch Configuration              = 0 (0)
00:00:07.744660  Sub-leaf 2
00:00:07.744664   Mnemonic - Description                                  = guest (host)
00:00:07.744665   PSFD - Supports IA32_SPEC_CTRL[7] (PSFD)                = 0 (0)
00:00:07.744667   IPRED_CTRL - Supports IA32_SPEC_CTRL[4:3] (IPRED_DIS)   = 0 (0)
00:00:07.744669   RRSBA_CTRL - Supports IA32_SPEC_CTRL[6:5] (RRSBA_DIS)   = 0 (0)
00:00:07.744670   DDPD_U - Supports IA32_SPEC_CTRL[8] (DDPD_U)            = 0 (0)
00:00:07.744673   BHI_CTRL - Supports IA32_SPEC_CTRL[10] (BHI_DIS_S)      = 0 (0)
00:00:07.744674   MCDT_NO - No MXCSR Config Dependent Timing issues       = 0 (0)
00:00:07.744676   UC_LOCK_DIS - Supports UC-lock disable and causing #AC  = 0 (0)
00:00:07.744678   MONITOR_MITG_NO - No MONITOR/UMONITOR power issues      = 0 (0)
00:00:07.744680 Processor Extended State Enumeration (leaf 0xd):
00:00:07.744683    XSAVE area cur/max size by XCR0, guest: 0x0/0x0
00:00:07.744685     XSAVE area cur/max size by XCR0, host: 0x340/0x340
00:00:07.744687                    Valid XCR0 bits, guest: 0x00000000`00000000
00:00:07.744690                     Valid XCR0 bits, host: 0x00000000`00000007 ( x87 SSE YMM_Hi128 )
00:00:07.744696                     XSAVE features, guest:
00:00:07.744698                      XSAVE features, host: XSAVEOPT XSAVEC XGETBC1 XSAVES
00:00:07.744701       XSAVE area cur size XCR0|XSS, guest: 0x0
00:00:07.744702        XSAVE area cur size XCR0|XSS, host: 0x340
00:00:07.744703                Valid IA32_XSS bits, guest: 0x00000000`00000000
00:00:07.744705                 Valid IA32_XSS bits, host: 0x00000000`00000000
00:00:07.744709   State #2, host:  off=0x0240, cb=0x0100 IA32_XSS-bit -- YMM_Hi128
00:00:07.744834          Raw Extended CPUID Leaves
00:00:07.744835      Leaf/sub-leaf  eax      ebx      ecx      edx
00:00:07.744841 Gst: 80000000/0000  80000020 68747541 444d4163 69746e65
00:00:07.744843 Hst:                80000020 68747541 444d4163 69746e65
00:00:07.744848 Gst: 80000001/0000  00860f81 00000000 000001f3 2bd3fb7f
00:00:07.744850 Hst:                00860f81 00000000 20c023f3 2fd3fbff
00:00:07.744854 Gst: 80000002/0000  20444d41 657a7952 2035206e 30303535
00:00:07.744856 Hst:                20444d41 657a7952 2035206e 30303535
00:00:07.744860 Gst: 80000003/0000  69772055 52206874 6f656461 7247206e
00:00:07.744862 Hst:                69772055 52206874 6f656461 7247206e
00:00:07.744866 Gst: 80000004/0000  69687061 20207363 20202020 00202020
00:00:07.744869 Hst:                69687061 20207363 20202020 00202020
00:00:07.744873 Gst: 80000005/0000  ff40ff40 ff40ff40 20080140 20080140
00:00:07.744875 Hst:                ff40ff40 ff40ff40 20080140 20080140
00:00:07.744879 Gst: 80000006/0000  48006400 68006400 02006140 00409140
00:00:07.744881 Hst:                48006400 68006400 02006140 00409140
00:00:07.744885 Gst: 80000007/0000  00000000 00000000 00000000 00000100
00:00:07.744887 Hst:                00000000 0000001b 00000000 00006789
00:00:07.744891 Gst: 80000008/0000  00003030 04000000 00000002 00000000
00:00:07.744893 Hst:                00003030 0b00d215 0000700b 00010000
00:00:07.744896 Gst: 80000009/0000  00000000 00000000 00000000 00000000
00:00:07.744898 Hst:                00000000 00000000 00000000 00000000
00:00:07.744901 Gst: 8000000a/0000  00000000 00000000 00000000 00000000
00:00:07.744903 Hst:                00000000 00000000 00000000 00000000
00:00:07.744906 Gst: 8000000b/0000  00000000 00000000 00000000 00000000
00:00:07.744908 Hst:                00000000 00000000 00000000 00000000
00:00:07.744911 Gst: 8000000c/0000  00000000 00000000 00000000 00000000
00:00:07.744913 Hst:                00000000 00000000 00000000 00000000
00:00:07.744916 Gst: 8000000d/0000  00000000 00000000 00000000 00000000
00:00:07.744917 Hst:                00000000 00000000 00000000 00000000
00:00:07.744920 Gst: 8000000e/0000  00000000 00000000 00000000 00000000
00:00:07.744922 Hst:                00000000 00000000 00000000 00000000
00:00:07.744925 Gst: 8000000f/0000  00000000 00000000 00000000 00000000
00:00:07.744927 Hst:                00000000 00000000 00000000 00000000
00:00:07.744930 Gst: 80000010/0000  00000000 00000000 00000000 00000000
00:00:07.744932 Hst:                00000000 00000000 00000000 00000000
00:00:07.744935 Gst: 80000011/0000  00000000 00000000 00000000 00000000
00:00:07.744936 Hst:                00000000 00000000 00000000 00000000
00:00:07.744939 Gst: 80000012/0000  00000000 00000000 00000000 00000000
00:00:07.744941 Hst:                00000000 00000000 00000000 00000000
00:00:07.744944 Gst: 80000013/0000  00000000 00000000 00000000 00000000
00:00:07.744946 Hst:                00000000 00000000 00000000 00000000
00:00:07.744949 Gst: 80000014/0000  00000000 00000000 00000000 00000000
00:00:07.744951 Hst:                00000000 00000000 00000000 00000000
00:00:07.744954 Gst: 80000015/0000  00000000 00000000 00000000 00000000
00:00:07.744955 Hst:                00000000 00000000 00000000 00000000
00:00:07.744958 Gst: 80000016/0000  00000000 00000000 00000000 00000000
00:00:07.744960 Hst:                00000000 00000000 00000000 00000000
00:00:07.744963 Gst: 80000017/0000  00000000 00000000 00000000 00000000
00:00:07.744965 Hst:                00000000 00000000 00000000 00000000
00:00:07.744968 Gst: 80000018/0000  00000000 00000000 00000000 00000000
00:00:07.744970 Hst:                00000000 00000000 00000000 00000000
00:00:07.744973 Gst: 80000019/0000  00000000 00000000 00000000 00000000
00:00:07.744974 Hst:                00000000 00000000 00000000 00000000
00:00:07.744978 Gst: 8000001a/0000  00000002 00000000 00000000 00000000
00:00:07.744979 Hst:                00000006 00000000 00000000 00000000
00:00:07.744982 Gst: 8000001b/0000  00000000 00000000 00000000 00000000
00:00:07.744984 Hst:                00000000 00000000 00000000 00000000
00:00:07.744987 Gst: 8000001c/0000  00000000 00000000 00000000 00000000
00:00:07.744989 Hst:                00000000 00000000 00000000 00000000
00:00:07.744992 Gst: 8000001d/0000  00004121 01c0003f 0000003f 00000000
00:00:07.744994 Hst:                00004121 01c0003f 0000003f 00000000
00:00:07.744998 Gst: 8000001d/0001  00004122 01c0003f 0000003f 00000000
00:00:07.745000 Hst:                00004122 01c0003f 0000003f 00000000
00:00:07.745003 Gst: 8000001d/0002  00004143 01c0003f 000003ff 00000002
00:00:07.745005 Hst:                00004143 01c0003f 000003ff 00000002
00:00:07.745009 Gst: 8000001d/0003  00008163 03c0003f 00000fff 00000001
00:00:07.745011 Hst:                00014163 03c0003f 00000fff 00000001
00:00:07.745014 Gst: 8000001d/0004  00000000 00000000 00000000 00000000
00:00:07.745016 Hst:                00000000 00000000 00000000 00000000
00:00:07.745020 Gst: 8000001e/0000  00000000 00000200 00000000 00000000
00:00:07.745021 Hst:                00000003 00000101 00000000 00000000
00:00:07.745024 Gst: 8000001f/0000  0001000f 0000012f 0000000e 00000001
00:00:07.745026 Hst:                0001000f 0000012f 0000000e 00000001
00:00:07.745030 Gst: 80000020/0000  00000000 00000000 00000000 00000000
00:00:07.745031 Hst:                00000000 00000000 00000000 00000000
00:00:07.745033 Ext Name:                        AuthenticAMD
00:00:07.745034 Ext Supports:                    0x80000000-0x80000020
00:00:07.745035 Family:                          15  	Extended: 8 	Effective: 23
00:00:07.745037 Model:                           8  	Extended: 6 	Effective: 104
00:00:07.745039 Stepping:                        1
00:00:07.745039 Brand ID:                        0x000
00:00:07.745043 Ext Features
00:00:07.745043   Mnemonic - Description                                  = guest (host)
00:00:07.745045   FPU - x87 FPU on Chip                                   = 1 (1)
00:00:07.745048   VME - Virtual 8086 Mode Enhancements                    = 1 (1)
00:00:07.745050   DE - Debugging extensions                               = 1 (1)
00:00:07.745053   PSE - Page Size Extension                               = 1 (1)
00:00:07.745055   TSC - Time Stamp Counter                                = 1 (1)
00:00:07.745057   MSR - K86 Model Specific Registers                      = 1 (1)
00:00:07.745059   PAE - Physical Address Extension                        = 1 (1)
00:00:07.745061   MCE - Machine Check Exception                           = 0 (1)
00:00:07.745063   CX8 - CMPXCHG8B instruction                             = 1 (1)
00:00:07.745066   APIC - APIC On-Chip                                     = 1 (1)
00:00:07.745068   SEP - SYSCALL/SYSRET                                    = 1 (1)
00:00:07.745070   MTRR - Memory Type Range Registers                      = 1 (1)
00:00:07.745072   PGE - PTE Global Bit                                    = 1 (1)
00:00:07.745075   MCA - Machine Check Architecture                        = 1 (1)
00:00:07.745077   CMOV - Conditional Move instructions                    = 1 (1)
00:00:07.745079   PAT - Page Attribute Table                              = 1 (1)
00:00:07.745081   PSE-36 - 36-bit Page Size Extension                     = 1 (1)
00:00:07.745083   NX - No-Execute/Execute-Disable                         = 1 (1)
00:00:07.745085   AXMMX - AMD Extensions to MMX instructions              = 1 (1)
00:00:07.745087   MMX - Intel MMX Technology                              = 1 (1)
00:00:07.745090   FXSR - FXSAVE and FXRSTOR Instructions                  = 1 (1)
00:00:07.745095   FFXSR - AMD fast FXSAVE and FXRSTOR instructions        = 1 (1)
00:00:07.745097   Page1GB - 1 GB large page                               = 0 (1)
00:00:07.745099   RDTSCP - RDTSCP instruction                             = 1 (1)
00:00:07.745101   LM - AMD64 Long Mode                                    = 1 (1)
00:00:07.745104   3DNOWEXT - AMD Extensions to 3DNow                      = 0 (0)
00:00:07.745106   3DNOW - AMD 3DNow                                       = 0 (0)
00:00:07.745109   LahfSahf - LAHF/SAHF support in 64-bit mode             = 1 (1)
00:00:07.745111   CmpLegacy - Core multi-processing legacy mode           = 1 (1)
00:00:07.745113   SVM - AMD Secure Virtual Machine extensions             = 0 (0)
00:00:07.745115   EXTAPIC - AMD Extended APIC registers                   = 0 (0)
00:00:07.745117   CR8L - AMD LOCK MOV CR0 means MOV CR8                   = 1 (1)
00:00:07.745119   ABM - AMD Advanced Bit Manipulation                     = 1 (1)
00:00:07.745121   SSE4A - SSE4A instructions                              = 1 (1)
00:00:07.745123   MISALIGNSSE - AMD Misaligned SSE mode                   = 1 (1)
00:00:07.745125   3DNOWPRF - AMD PREFETCH and PREFETCHW instructions      = 1 (1)
00:00:07.745126   OSVW - AMD OS Visible Workaround                        = 0 (1)
00:00:07.745128   IBS - Instruct Based Sampling                           = 0 (0)
00:00:07.745130   XOP - Extended Operation support                        = 0 (0)
00:00:07.745133   SKINIT - SKINIT, STGI, and DEV support                  = 0 (0)
00:00:07.745134   WDT - AMD Watchdog Timer support                        = 0 (1)
00:00:07.745136   LWP - Lightweight Profiling support                     = 0 (0)
00:00:07.745138   FMA4 - Four operand FMA instruction support             = 0 (0)
00:00:07.745140   TCE - Translation Cache Extension support               = 0 (0)
00:00:07.745142   NodeId - NodeId in MSR C001_100C                        = 0 (0)
00:00:07.745144   TBM - Trailing Bit Manipulation instructions            = 0 (0)
00:00:07.745146   TOPOEXT - Topology Extensions                           = 0 (1)
00:00:07.745148   PRFEXTCORE - Performance Counter Extensions support     = 0 (1)
00:00:07.745150   PRFEXTNB - NB Performance Counter Extensions support    = 0 (0)
00:00:07.745152   DATABPEXT - Data-access Breakpoint Extension            = 0 (0)
00:00:07.745153   PERFTSC - Performance Time Stamp Counter                = 0 (0)
00:00:07.745155   PCX_L2I - L2I/L3 Performance Counter Extensions         = 0 (0)
00:00:07.745157   MONITORX - MWAITX and MONITORX instructions             = 0 (1)
00:00:07.745159   AddrMaskExt - BP Addressing masking extended to bit 31  = 0 (0)
00:00:07.745161 Full Name:                       "AMD Ryzen 5 5500U with Radeon Graphics         "
00:00:07.745162 TLB 2/4M Instr/Uni:              fully  64 entries
00:00:07.745164 TLB 2/4M Data:                   fully  64 entries
00:00:07.745165 TLB 4K Instr/Uni:                fully  64 entries
00:00:07.745166 TLB 4K Data:                     fully  64 entries
00:00:07.745168 L1 Instr Cache Line Size:        64 bytes
00:00:07.745169 L1 Instr Cache Lines Per Tag:    1
00:00:07.745169 L1 Instr Cache Associativity:    8 way
00:00:07.745170 L1 Instr Cache Size:             32 KB
00:00:07.745171 L1 Data Cache Line Size:         64 bytes
00:00:07.745172 L1 Data Cache Lines Per Tag:     1
00:00:07.745173 L1 Data Cache Associativity:     8 way
00:00:07.745173 L1 Data Cache Size:              32 KB
00:00:07.745175 L2 TLB 2/4M Instr/Uni:           8 way  1024 entries
00:00:07.745176 L2 TLB 2/4M Data:                4 way  2048 entries
00:00:07.745181 L2 TLB 4K Instr/Uni:             8 way  1024 entries
00:00:07.745182 L2 TLB 4K Data:                  8 way  2048 entries
00:00:07.745183 L2 Cache Line Size:              64 bytes
00:00:07.745183 L2 Cache Lines Per Tag:          1
00:00:07.745184 L2 Cache Associativity:          8 way 
00:00:07.745185 L2 Cache Size:                   512 KB
00:00:07.745186 L3 Cache Line Size:              64 bytes
00:00:07.745186 L3 Cache Lines Per Tag:          1
00:00:07.745187 L3 Cache Associativity:          tpoext
00:00:07.745188 L3 Cache Size:                   8192 KB
00:00:07.745191 APM Features EDX
00:00:07.745192   Mnemonic - Description                                  = guest (host)
00:00:07.745194   TS - Temperature Sensor                                 = 0 (1)
00:00:07.745197   FID - Frequency ID control                              = 0 (0)
00:00:07.745199   VID - Voltage ID control                                = 0 (0)
00:00:07.745201   TTP - Thermal Trip                                      = 0 (1)
00:00:07.745204   TM - Hardware Thermal Control (HTC)                     = 0 (0)
00:00:07.745206   100MHzSteps - 100 MHz Multiplier control                = 0 (0)
00:00:07.745208   HwPstate - Hardware P-state control                     = 0 (1)
00:00:07.745210   TscInvariant - Invariant Time Stamp Counter             = 1 (1)
00:00:07.745212   CPB - Core Performance Boost                            = 0 (1)
00:00:07.745214   EffFreqRO - Read-only Effective Frequency Interface     = 0 (1)
00:00:07.745216   ProcFdbkIf - Processor Feedback Interface               = 0 (0)
00:00:07.745217   ProcPwrRep - Core power reporting interface support     = 0 (0)
00:00:07.745219   ConnectedStandby - Connected Standby                    = 0 (1)
00:00:07.745221   RAPL - Running average power limit                      = 0 (1)
00:00:07.745226 Ext Features ext IDs EBX
00:00:07.745226   Mnemonic - Description                                  = guest (host)
00:00:07.745228   CLZERO - Clear zero instruction (cacheline)             = 0 (1)
00:00:07.745231   IRPerf - Instructions retired count support             = 0 (0)
00:00:07.745232   XSaveErPtr - Save/restore error pointers (FXSAVE/RSTOR) = 0 (1)
00:00:07.745234   INVLPGB - INVLPGB and TLBSYNC instructions              = 0 (0)
00:00:07.745236   RDPRU - RDPRU instruction                               = 0 (1)
00:00:07.745238   BE - Bandwidth Enforcement extension                    = 0 (0)
00:00:07.745240   MCOMMIT - MCOMMIT instruction                           = 0 (0)
00:00:07.745242   WBNOINVD - WBNOINVD instruction                         = 0 (1)
00:00:07.745244   IBPB - Supports the IBPB command in IA32_PRED_CMD       = 0 (1)
00:00:07.745246   INT_WBINVD - WBINVD/WBNOINVD interruptible              = 0 (0)
00:00:07.745248   IBRS - Indirect Branch Restricted Speculation           = 0 (1)
00:00:07.745250   STIBP - Single Thread Indirect Branch Prediction        = 0 (1)
00:00:07.745251   IbrsAlwaysOn - Processor prefers that IBRS be left on   = 0 (0)
00:00:07.745253   StibpAlwaysOn - Processor prefers that STIBP be left on = 0 (0)
00:00:07.745255   IbrsPreferred - IBRS preferred over software solution   = 0 (0)
00:00:07.745256   IbrsSameMode - IBRS limits same mode speculation        = 0 (0)
00:00:07.745258   EferLmsleUnsupported - EFER.LMSLE is unsupported        = 0 (0)
00:00:07.745259   INVLPGBnestedPages - INVLPGB for nested translation     = 0 (0)
00:00:07.745261   PPIN - Protected processor inventory number             = 0 (0)
00:00:07.745263   SSBD - Speculative Store Bypass Disable                 = 0 (1)
00:00:07.745265   SsbdVirtSpecCtrl - Use VIRT_SPEC_CTL for SSBD           = 0 (1)
00:00:07.745267   SsbdNotRequired - SSBD not needed on this processor     = 1 (0)
00:00:07.745268   CPPC - Collaborative Processor Performance Control      = 0 (1)
00:00:07.745270   PSFD - Predictive Store Forward Disable                 = 0 (0)
00:00:07.745272   BTC_NO - Unaffected by branch type confusion            = 0 (0)
00:00:07.745274   IBPB_RET - Clears RA predictor when PRED_CMD.IBPB set   = 0 (0)
00:00:07.745275 Physical Address Width:          48 bits
00:00:07.745276 Virtual Address Width:           48 bits
00:00:07.745277 Guest Physical Address Width:    48 bits (0)
00:00:07.745278 Physical Core Count:             3
00:00:07.745279 APIC ID size:                    3 (0x3)
00:00:07.745280 Performance TSC size:            40 bits
00:00:07.745281 Max page count for INVLPGB:      0x3030
00:00:07.745282 Max ECX for RDPRU:               0x0
00:00:07.745286 
00:00:07.745286 ******************** End of CPUID dump **********************
00:00:07.745491 VMEmt: Halt method global1 (5)
00:00:07.745731 VMEmt: HaltedGlobal1 config: cNsSpinBlockThresholdCfg=50000
00:00:07.745896 Changing the VM state from 'CREATING' to 'CREATED'
00:00:07.748323 NAT: DNS settings changed, triggering update
00:00:07.748706 Changing the VM state from 'CREATED' to 'POWERING_ON'
00:00:07.749042 Changing the VM state from 'POWERING_ON' to 'RUNNING'
00:00:07.749074 Console: Machine state changed to 'Running'
00:00:07.756852 VMMDev: Guest Log: BIOS: VirtualBox 7.1.8
00:00:07.757628 PCI: Setting up resources and interrupts
00:00:07.758466 PIT: mode=2 count=0x10000 (65536) - 18.20 Hz (ch=0)
00:00:07.795272 Display::i_handleDisplayResize: uScreenId=0 pvVRAM=0000000000000000 w=720 h=400 bpp=0 cbLine=0x0 flags=0x0 origin=0,0
00:00:07.800798 GUI: UIMachineViewNormal::resendSizeHint: Restoring guest size-hint for screen 0 to 800x600
00:00:07.816279 GUI: UIMachineLogicNormal::sltCheckForRequestedVisualStateType: Requested-state=1, Machine-state=6
00:00:07.846702 VMMDev: Guest Log: CPUID EDX: 0x178bfbff
00:00:07.846976 PIIX3 ATA: Ctl#0: RESET, DevSel=0 AIOIf=0 CmdIf0=0x00 (-1 usec ago) CmdIf1=0x00 (-1 usec ago)
00:00:07.847019 PIIX3 ATA: Ctl#0: finished processing RESET
00:00:07.847805 VMMDev: Guest Log: BIOS: ata0-0: PCHS=4161/16/63 LCHS=520/128/63
00:00:07.852934 PIIX3 ATA: Ctl#1: RESET, DevSel=0 AIOIf=0 CmdIf0=0x00 (-1 usec ago) CmdIf1=0x00 (-1 usec ago)
00:00:07.853007 PIIX3 ATA: Ctl#1: finished processing RESET
00:00:07.922215 PIT: mode=2 count=0x48d3 (18643) - 64.00 Hz (ch=0)
00:00:07.930868 Display::i_handleDisplayResize: uScreenId=0 pvVRAM=0000020ba4820000 w=640 h=480 bpp=32 cbLine=0xA00 flags=0x0 origin=0,0
00:00:10.400060 Display::i_handleDisplayResize: uScreenId=0 pvVRAM=0000000000000000 w=720 h=400 bpp=0 cbLine=0x0 flags=0x0 origin=0,0
00:00:10.403916 PIT: mode=2 count=0x10000 (65536) - 18.20 Hz (ch=0)
00:00:10.404316 VMMDev: Guest Log: BIOS: Boot : bseqnr=1, bootseq=0231
00:00:10.404655 VMMDev: Guest Log: BIOS: Boot from Floppy 0 failed
00:00:10.404988 VMMDev: Guest Log: BIOS: Boot : bseqnr=2, bootseq=0023
00:00:10.406301 VMMDev: Guest Log: BIOS: Booting from CD-ROM...
00:00:12.727516 GUI: UIMediumEnumerator: Medium-enumeration finished!
00:00:52.259537 PIIX3 IDE: guest issued command 0xe7 while controller busy
00:00:52.281735 PIIX3 IDE: guest issued command 0xe7 while controller busy
00:00:52.359653 PIIX3 IDE: guest issued command 0xe7 while controller busy
00:00:52.428797 PIIX3 IDE: guest issued command 0xe7 while controller busy
00:00:52.498540 PIIX3 IDE: guest issued command 0xe7 while controller busy
00:00:52.569666 PIIX3 IDE: guest issued command 0xe7 while controller busy
00:00:52.638073 PIIX3 IDE: guest issued command 0xe7 while controller busy
00:00:52.707407 PIIX3 IDE: guest issued command 0xe7 while controller busy
00:00:52.783311 PIIX3 IDE: guest issued command 0xe7 while controller busy
